0 info it worked if it ends with ok
1 verbose cli [ '/usr/local/bin/node',
1 verbose cli   '/usr/local/bin/npm',
1 verbose cli   'run',
1 verbose cli   'create-installer-win' ]
2 info using npm@3.10.10
3 info using node@v6.11.1
4 verbose run-script [ 'precreate-installer-win',
4 verbose run-script   'create-installer-win',
4 verbose run-script   'postcreate-installer-win' ]
5 info lifecycle macromanager@1.0.0~precreate-installer-win: macromanager@1.0.0
6 silly lifecycle macromanager@1.0.0~precreate-installer-win: no script for precreate-installer-win, continuing
7 info lifecycle macromanager@1.0.0~create-installer-win: macromanager@1.0.0
8 verbose lifecycle macromanager@1.0.0~create-installer-win: unsafe-perm in lifecycle true
9 verbose lifecycle macromanager@1.0.0~create-installer-win: PATH: /usr/local/lib/node_modules/npm/bin/node-gyp-bin:/Users/Calum/Documents/EVERYTHING PROGRAMMING/Personal Projects/Macro Manager/node_modules/.bin:/anaconda/bin:/Library/Frameworks/Python.framework/Versions/2.7/bin:/Library/Frameworks/Python.framework/Versions/3.6/bin:/Users/Calum/anaconda/bin:/Library/Frameworks/Python.framework/Versions/3.5/bin:/Library/Frameworks/Python.framework/Versions/3.5/bin:/Library/Frameworks/Python.framework/Versions/3.5/bin:/Library/Frameworks/Python.framework/Versions/2.7/bin:/Library/Frameworks/Python.framework/Versions/3.5/bin:/usr/local/bin:/usr/bin:/bin:/usr/sbin:/sbin:/opt/X11/bin
10 verbose lifecycle macromanager@1.0.0~create-installer-win: CWD: /Users/Calum/Documents/EVERYTHING PROGRAMMING/Personal Projects/Macro Manager
11 silly lifecycle macromanager@1.0.0~create-installer-win: Args: [ '-c', 'node installers/windows/createinstaller.js' ]
12 silly lifecycle macromanager@1.0.0~create-installer-win: Returned: code: 1  signal: null
13 info lifecycle macromanager@1.0.0~create-installer-win: Failed to exec create-installer-win script
14 verbose stack Error: macromanager@1.0.0 create-installer-win: `node installers/windows/createinstaller.js`
14 verbose stack Exit status 1
14 verbose stack     at EventEmitter.<anonymous> (/usr/local/lib/node_modules/npm/lib/utils/lifecycle.js:255:16)
14 verbose stack     at emitTwo (events.js:106:13)
14 verbose stack     at EventEmitter.emit (events.js:191:7)
14 verbose stack     at ChildProcess.<anonymous> (/usr/local/lib/node_modules/npm/lib/utils/spawn.js:40:14)
14 verbose stack     at emitTwo (events.js:106:13)
14 verbose stack     at ChildProcess.emit (events.js:191:7)
14 verbose stack     at maybeClose (internal/child_process.js:891:16)
14 verbose stack     at Process.ChildProcess._handle.onexit (internal/child_process.js:226:5)
15 verbose pkgid macromanager@1.0.0
16 verbose cwd /Users/Calum/Documents/EVERYTHING PROGRAMMING/Personal Projects/Macro Manager
17 error Darwin 16.7.0
18 error argv "/usr/local/bin/node" "/usr/local/bin/npm" "run" "create-installer-win"
19 error node v6.11.1
20 error npm  v3.10.10
21 error code ELIFECYCLE
22 error macromanager@1.0.0 create-installer-win: `node installers/windows/createinstaller.js`
22 error Exit status 1
23 error Failed at the macromanager@1.0.0 create-installer-win script 'node installers/windows/createinstaller.js'.
23 error Make sure you have the latest version of node.js and npm installed.
23 error If you do, this is most likely a problem with the macromanager package,
23 error not with npm itself.
23 error Tell the author that this fails on your system:
23 error     node installers/windows/createinstaller.js
23 error You can get information on how to open an issue for this project with:
23 error     npm bugs macromanager
23 error Or if that isn't available, you can get their info via:
23 error     npm owner ls macromanager
23 error There is likely additional logging output above.
24 verbose exit [ 1, true ]
